make.exe all --print-data-base --no-builtin-variables --no-builtin-rules --question
make: *** No rule to make target 'all'.  Stop.

# GNU Make 4.3
# Built for x86_64-pc-msys
# Copyright (C) 1988-2020 Free Software Foundation, Inc.
# License GPLv3+: GNU GPL version 3 or later <http://gnu.org/licenses/gpl.html>
# This is free software: you are free to change and redistribute it.
# There is NO WARRANTY, to the extent permitted by law.
 

# Make data base, printed on Fri Jul 22 03:33:25 2022

# Variables

 
# environment
SYSTEMDRIVE = C:
# environment
JAVA_HOME = C:\Program Files\Android\jdk\jdk-8.0.302.8-hotspot\jdk8u302-b08
# environment
LC_ALL = C
# environment
USERPROFILE = C:\Users\Pc
# environment
LOCALAPPDATA = C:\Users\Pc\AppData\Local
# environment
VSCODE_CWD = C:\Users\Pc\Desktop\H5assembler
# environment
SYSTEMROOT = C:\WINDOWS
# environment
PROCESSOR_LEVEL = 6
# environment
PSMODULEPATH = C:\Program Files\WindowsPowerShell\Modules;C:\WINDOWS\system32\WindowsPowerShell\v1.0\Modules
# default
MAKE_COMMAND := make
# automatic
@D = $(patsubst %/,%,$(dir $@))
# environment
CHROME_CRASHPAD_PIPE_NAME = \\.\pipe\crashpad_14448_LGKIOPKSHCISZGTR
# environment
VSCODE_HANDLES_UNCAUGHT_ERRORS = true
 
# default
.VARIABLES := 
# automatic
%D = $(patsubst %/,%,$(dir $%))
# automatic
^D = $(patsubst %/,%,$(dir $^))
 
# automatic
%F = $(notdir $%)
# environment
VSCODE_CODE_CACHE_PATH = C:\Users\Pc\AppData\Roaming\Code\CachedData\3b889b090b5ad5793f524b5d1d39fda662b96a2a
# environment
LANG = C
# default
.LOADED := 
# environment
TMP = /c/Users/Pc/AppData/Local/Temp
# default
.INCLUDE_DIRS = /usr/include /usr/include
# makefile
MAKEFLAGS = pqrR
 
# environment
PKG_CONFIG_PATH = C:\msys64\mingw32\lib\pkgconfig
# environment
ONEDRIVE = C:\Users\Pc\OneDrive
# makefile
CURDIR := /c/Users/Pc/Desktop/H5assembler
# environment
APPLICATION_INSIGHTS_NO_DIAGNOSTIC_CHANNEL = true
 
# automatic
*D = $(patsubst %/,%,$(dir $*))
# environment
PROGRAMFILES = C:\Program Files
# environment
MFLAGS = -pqrR
# default
.SHELLFLAGS := -c
# environment
!C: = c:\Users\Pc\Desktop\H5assembler
# environment
COMMONPROGRAMW6432 = C:\Program Files\Common Files
# automatic
+D = $(patsubst %/,%,$(dir $+))
# makefile (from 'Makefile', line 1)
MAKEFILE_LIST := Makefile
# automatic
@F = $(notdir $@)
# environment
VSCODE_PID = 14448
# automatic
?D = $(patsubst %/,%,$(dir $?))
# automatic
*F = $(notdir $*)
# automatic
<D = $(patsubst %/,%,$(dir $<))
# environment
VSCODE_NLS_CONFIG = {"locale":"fr","availableLanguages":{"*":"fr"},"_languagePackId":"8e1a08857df44efaeace20a1f4372f40.fr","_translationsConfigFile":"C:\\Users\\Pc\\AppData\\Roaming\\Code\\clp\\8e1a08857df44efaeace20a1f4372f40.fr\\tcf.json","_cacheRoot":"C:\\Users\\Pc\\AppData\\Roaming\\Code\\clp\\8e1a08857df44efaeace20a1f4372f40.fr","_resolvedLanguagePackCoreLocation":"C:\\Users\\Pc\\AppData\\Roaming\\Code\\clp\\8e1a08857df44efaeace20a1f4372f40.fr\\3b889b090b5ad5793f524b5d1d39fda662b96a2a","_corruptedFile":"C:\\Users\\Pc\\AppData\\Roaming\\Code\\clp\\8e1a08857df44efaeace20a1f4372f40.fr\\corrupted.info","_languagePackSupport":true}
# default
 
MAKE_HOST := x86_64-pc-msys
# environment
PROGRAMDATA = C:\ProgramData
# default
SHELL := /bin/sh
# environment
HOMEPATH = \Users\Pc
# default
MAKECMDGOALS := all
# environment
DRIVERDATA = C:\Windows\System32\Drivers\DriverData
# environment
COMSPEC = C:\WINDOWS\system32\cmd.exe
# environment
WINDIR = C:\WINDOWS
# environment
MAKELEVEL := 0
# default
MAKE = $(MAKE_COMMAND)
# environment
PATH = /c/Program Files/Microsoft/jdk-11.0.12.7-hotspot/bin:/c/Program Files/Common Files/Oracle/Java/javapath:/c/Program Files (x86)/Common Files/Oracle/Java/javapath:/c/WINDOWS/system32:/c/WINDOWS:/c/WINDOWS/System32/Wbem:/c/WINDOWS/System32/WindowsPowerShell/v1.0:/usr/bin:/c/Program Files/Inkscape/bin:/c/Program Files/nodejs:/:/c/Program Files/CodeBlocks/MinGW/bin:/c/WINDOWS/System32/OpenSSH:/c/Program Files/Git/cmd:/c/Users/Pc/AppData/Local/Programs/Python/Python38/Scripts:/c/Users/Pc/AppData/Local/Programs/Python/Python38:/c/Users/Pc/AppData/Local/Programs/Microsoft VS Code/bin:/c/Program Files/heroku/bin:/c/Users/Pc/AppData/Roaming/npm:/c/Users/Pc/AppData/Local/Microsoft/WindowsApps
# environment
COMPUTERNAME = NGDREAM
 
# default
MAKEFILES := 
# automatic
^F = $(notdir $^)
# environment
PROMPT = $P$G
# environment
LOGONSERVER = \\NGDREAM
# environment
USERNAME = Pc
# environment
COMMONPROGRAMFILES = C:\Program Files\Common Files
# automatic
?F = $(notdir $?)
# environment
PROGRAMW6432 = C:\Program Files
# environment
PATHEXT = .COM;.EXE;.BAT;.CMD;.VBS;.VBE;.JS;.JSE;.WSF;.WSH;.MSC;.PY
# automatic
+F = $(notdir $+)
# environment
ORIGINAL_XDG_CURRENT_DESKTOP = undefined
# environment
USERDOMAIN = NGDREAM
# 'override' directive
 
GNUMAKEFLAGS := 
# environment
OS = Windows_NT
# environment
__COMPAT_LAYER = DetectorsAppHealth
# makefile
 
.DEFAULT_GOAL := example
# default
MAKE_VERSION := 4.3
# environment
PROGRAMFILES(X86) = C:\Program Files (x86)
# environment
USERDOMAIN_ROAMINGPROFILE = NGDREAM
# environment
NUMBER_OF_PROCESSORS = 4
# environment
PUBLIC = C:\Users\Public
# environment
APPDATA = C:\Users\Pc\AppData\Roaming
# environment
HOMEDRIVE = C:
# environment
PROCESSOR_ARCHITECTURE = AMD64
# environment
VSCODE_AMD_ENTRYPOINT = vs/workbench/api/node/extensionHostProcess
# environment
HOME = /home/Pc
# environment
 
COMMONPROGRAMFILES(X86) = C:\Program Files (x86)\Common Files
# environment
ELECTRON_RUN_AS_NODE = 1
# environment
TEMP = /c/Users/Pc/AppData/Local/Temp
# environment
VSCODE_IPC_HOOK = \\.\pipe\7fa49d5719bc09433b5f61197e9a6a8e-1.69.2-main-sock
# environment
TERM = xterm-256color
# default
.RECIPEPREFIX := 
# automatic
<F = $(notdir $<)
# default
SUFFIXES := 
# environment
ALLUSERSPROFILE = C:\ProgramData
# environment
SESSIONNAME = Console
# default
 
.FEATURES := target-specific order-only second-expansion else-if shortest-stem undefine oneshell nocomment grouped-target extra-prereqs archives jobserver output-sync check-symlink load
# environment
PROCESSOR_REVISION = 3a09
# environment
PROCESSOR_IDENTIFIER = Intel64 Family 6 Model 58 Stepping 9, GenuineIntel
# variable set hash-table stats:
# Load=92/1024=9%, Rehash=0, Collisions=10/119=8%

# Pattern-specific Variable Values

# No pattern-specific variable values.

# Directories

# . (device 3504693631, inode 3940649674045801): 19 files, no impossibilities.

# 19 files, no impossibilities in 1 directories.
 

# Implicit Rules

# No implicit rules.

# Files

# Not a target:
h5.y:
#  Implicit rule search has not been done.
#  Modification time never checked.
#  File has not been updated.

# Not a target:
Makefile:
#  Implicit rule search has been done.
#  Last modified 2022-07-22 03:31:32.0374646
#  File has been updated.
#  Successfully updated.

# Not a target:
.DEFAULT:
 
#  Implicit rule search has not been done.
#  Modification time never checked.
#  File has not been updated.

# Not a target:
all:
#  Command line target.
#  Implicit rule search has been done.
#  File does not exist.
#  File has not been updated.

example: h5.y
#  Implicit rule search has not been done.
#  Modification time never checked.
#  File has not been updated.
#  recipe to execute (from 'Makefile', line 2):
	bison -d h5.y -o h5parse.cpp
	flex -o h5lex.cpp h5.l
	g++ h5lex.cpp h5parse.cpp -o H5assembler.exe

# files hash-table stats:
 
# Load=6/1024=1%, Rehash=0, Collisions=1/17=6%
# VPATH Search Paths

# No 'vpath' search paths.

# No general ('VPATH' variable) search path.

# strcache buffers: 1 (0) / strings = 24 / storage = 207 B / avg = 8 B
# current buf: size = 8162 B / used = 207 B / count = 24 / avg = 8 B

# strcache performance: lookups = 30 / hit rate = 20%
# hash-table stats:
# Load=24/8192=0%, Rehash=0, Collisions=0/30=0%
# Finished Make data base on Fri Jul 22 03:33:25 2022

 
